
*** Running vivado
    with args -log AXI_Merge_xbar_0.vds -m64 -product Vivado -mode batch -messageDb vivado.pb -notrace -source AXI_Merge_xbar_0.tcl


ECHO is off.
ECHO is off.

****** Vivado v2023.1 (64-bit)
  **** SW Build 3865809 on Sun May  7 15:05:29 MDT 2023
  **** IP Build 3864474 on Sun May  7 20:36:21 MDT 2023
  **** SharedData Build 3865790 on Sun May 07 13:33:03 MDT 2023
    ** Copyright 1986-2022 Xilinx, Inc. All Rights Reserved.
    ** Copyright 2022-2023 Advanced Micro Devices, Inc. All Rights Reserved.

source AXI_Merge_xbar_0.tcl -notrace
create_project: Time (s): cpu = 00:00:14 ; elapsed = 00:00:16 . Memory (MB): peak = 449.188 ; gain = 163.617
INFO: [IP_Flow 19-234] Refreshing IP repositories
INFO: [IP_Flow 19-1700] Loaded user IP repository 'c:/Users/marco/OneDrive/Desktop/Project - CopyOLD/Block_Design/ip_repo'.
INFO: [IP_Flow 19-2313] Loaded Vivado IP repository 'D:/Xilinx/Vivado/2023.1/data/ip'.
WARNING: [IP_Flow 19-4995] The host OS only allows 260 characters in a normal path. The IP cache path is more than 80 characters. If you experience issues with IP caching, please consider changing the IP cache to a location with a shorter path. Alternately consider using the OS subst command to map part of the path to a drive letter. 
Current IP cache path is c:/Users/marco/OneDrive/Desktop/Project - CopyOLD/Block_Design/AXI_Merge/AXI_Merge.cache/ip 
INFO: [IP_Flow 19-6924] IPCACHE: Running cache check for IP inst: AXI_Merge_xbar_0
INFO: [IP_Flow 19-6922] IPCACHE: Exporting cached entry e39ad6fa75aca3ee to dir: C:/Users/marco/OneDrive/Desktop/Project - CopyOLD/Block_Design/AXI_Merge/AXI_Merge.runs/AXI_Merge_xbar_0_synth_1
INFO: [IP_Flow 19-6928] IPCACHE: copied cached file c:/Users/marco/OneDrive/Desktop/Project - CopyOLD/Block_Design/AXI_Merge/AXI_Merge.cache/ip/2023.1/e/3/e39ad6fa75aca3ee/AXI_Merge_xbar_0.dcp to C:/Users/marco/OneDrive/Desktop/Project - CopyOLD/Block_Design/AXI_Merge/AXI_Merge.runs/AXI_Merge_xbar_0_synth_1/AXI_Merge_xbar_0.dcp.
INFO: [IP_Flow 19-6928] IPCACHE: copied cached file c:/Users/marco/OneDrive/Desktop/Project - CopyOLD/Block_Design/AXI_Merge/AXI_Merge.cache/ip/2023.1/e/3/e39ad6fa75aca3ee/AXI_Merge_xbar_0_sim_netlist.v to C:/Users/marco/OneDrive/Desktop/Project - CopyOLD/Block_Design/AXI_Merge/AXI_Merge.runs/AXI_Merge_xbar_0_synth_1/AXI_Merge_xbar_0_sim_netlist.v.
INFO: [IP_Flow 19-6928] IPCACHE: copied cached file c:/Users/marco/OneDrive/Desktop/Project - CopyOLD/Block_Design/AXI_Merge/AXI_Merge.cache/ip/2023.1/e/3/e39ad6fa75aca3ee/AXI_Merge_xbar_0_sim_netlist.vhdl to C:/Users/marco/OneDrive/Desktop/Project - CopyOLD/Block_Design/AXI_Merge/AXI_Merge.runs/AXI_Merge_xbar_0_synth_1/AXI_Merge_xbar_0_sim_netlist.vhdl.
INFO: [IP_Flow 19-6928] IPCACHE: copied cached file c:/Users/marco/OneDrive/Desktop/Project - CopyOLD/Block_Design/AXI_Merge/AXI_Merge.cache/ip/2023.1/e/3/e39ad6fa75aca3ee/AXI_Merge_xbar_0_stub.v to C:/Users/marco/OneDrive/Desktop/Project - CopyOLD/Block_Design/AXI_Merge/AXI_Merge.runs/AXI_Merge_xbar_0_synth_1/AXI_Merge_xbar_0_stub.v.
INFO: [IP_Flow 19-6928] IPCACHE: copied cached file c:/Users/marco/OneDrive/Desktop/Project - CopyOLD/Block_Design/AXI_Merge/AXI_Merge.cache/ip/2023.1/e/3/e39ad6fa75aca3ee/AXI_Merge_xbar_0_stub.vhdl to C:/Users/marco/OneDrive/Desktop/Project - CopyOLD/Block_Design/AXI_Merge/AXI_Merge.runs/AXI_Merge_xbar_0_synth_1/AXI_Merge_xbar_0_stub.vhdl.
INFO: [IP_Flow 19-4838] Using cached IP synthesis design for IP AXI_Merge_xbar_0, cache-ID = e39ad6fa75aca3ee.
INFO: [Common 17-206] Exiting Vivado at Sun Feb 11 00:14:49 2024...
