INFO: [VRFC 10-163] Analyzing VHDL file "C:/Users/marco/OneDrive/Desktop/Progetto_Finale_Copia2/AXI_and_merge/Only_AXI.sim/sim_1/synth/func/xsim/top_sim_func_synth.vhd" into library xil_defaultlib
INFO: [VRFC 10-3107] analyzing entity 'AXI_master'
INFO: [VRFC 10-3107] analyzing entity 'AXI_slave'
INFO: [VRFC 10-3107] analyzing entity 'Merge_1'
INFO: [VRFC 10-3107] analyzing entity 'Merge_1_159'
INFO: [VRFC 10-3107] analyzing entity 'Merge_1_160'
INFO: [VRFC 10-3107] analyzing entity 'Merge_1_161'
INFO: [VRFC 10-3107] analyzing entity 'Merge_1_162'
INFO: [VRFC 10-3107] analyzing entity 'Merge_1_163'
INFO: [VRFC 10-3107] analyzing entity 'Merge_1_164'
INFO: [VRFC 10-3107] analyzing entity 'Merge_1_165'
INFO: [VRFC 10-3107] analyzing entity 'Merge_1_166'
INFO: [VRFC 10-3107] analyzing entity 'Merge_1_167'
INFO: [VRFC 10-3107] analyzing entity 'Merge_1_168'
INFO: [VRFC 10-3107] analyzing entity 'Merge_1_169'
INFO: [VRFC 10-3107] analyzing entity 'Merge_1_170'
INFO: [VRFC 10-3107] analyzing entity 'Merge_1_171'
INFO: [VRFC 10-3107] analyzing entity 'Merge_1_172'
INFO: [VRFC 10-3107] analyzing entity 'Merge_1_173'
INFO: [VRFC 10-3107] analyzing entity 'Reg_no_on'
INFO: [VRFC 10-3107] analyzing entity 'Reg_no_on_0'
INFO: [VRFC 10-3107] analyzing entity 'Reg_no_on_1'
INFO: [VRFC 10-3107] analyzing entity 'Reg_no_on_10'
INFO: [VRFC 10-3107] analyzing entity 'Reg_no_on_100'
INFO: [VRFC 10-3107] analyzing entity 'Reg_no_on_101'
INFO: [VRFC 10-3107] analyzing entity 'Reg_no_on_102'
INFO: [VRFC 10-3107] analyzing entity 'Reg_no_on_103'
INFO: [VRFC 10-3107] analyzing entity 'Reg_no_on_104'
INFO: [VRFC 10-3107] analyzing entity 'Reg_no_on_105'
INFO: [VRFC 10-3107] analyzing entity 'Reg_no_on_106'
INFO: [VRFC 10-3107] analyzing entity 'Reg_no_on_107'
INFO: [VRFC 10-3107] analyzing entity 'Reg_no_on_108'
INFO: [VRFC 10-3107] analyzing entity 'Reg_no_on_109'
INFO: [VRFC 10-3107] analyzing entity 'Reg_no_on_11'
INFO: [VRFC 10-3107] analyzing entity 'Reg_no_on_110'
INFO: [VRFC 10-3107] analyzing entity 'Reg_no_on_111'
INFO: [VRFC 10-3107] analyzing entity 'Reg_no_on_112'
INFO: [VRFC 10-3107] analyzing entity 'Reg_no_on_113'
INFO: [VRFC 10-3107] analyzing entity 'Reg_no_on_114'
INFO: [VRFC 10-3107] analyzing entity 'Reg_no_on_115'
INFO: [VRFC 10-3107] analyzing entity 'Reg_no_on_116'
INFO: [VRFC 10-3107] analyzing entity 'Reg_no_on_117'
INFO: [VRFC 10-3107] analyzing entity 'Reg_no_on_118'
INFO: [VRFC 10-3107] analyzing entity 'Reg_no_on_119'
INFO: [VRFC 10-3107] analyzing entity 'Reg_no_on_12'
INFO: [VRFC 10-3107] analyzing entity 'Reg_no_on_120'
INFO: [VRFC 10-3107] analyzing entity 'Reg_no_on_121'
INFO: [VRFC 10-3107] analyzing entity 'Reg_no_on_122'
INFO: [VRFC 10-3107] analyzing entity 'Reg_no_on_123'
INFO: [VRFC 10-3107] analyzing entity 'Reg_no_on_124'
INFO: [VRFC 10-3107] analyzing entity 'Reg_no_on_125'
INFO: [VRFC 10-3107] analyzing entity 'Reg_no_on_126'
INFO: [VRFC 10-3107] analyzing entity 'Reg_no_on_127'
INFO: [VRFC 10-3107] analyzing entity 'Reg_no_on_128'
INFO: [VRFC 10-3107] analyzing entity 'Reg_no_on_129'
INFO: [VRFC 10-3107] analyzing entity 'Reg_no_on_13'
INFO: [VRFC 10-3107] analyzing entity 'Reg_no_on_130'
INFO: [VRFC 10-3107] analyzing entity 'Reg_no_on_131'
INFO: [VRFC 10-3107] analyzing entity 'Reg_no_on_132'
INFO: [VRFC 10-3107] analyzing entity 'Reg_no_on_133'
INFO: [VRFC 10-3107] analyzing entity 'Reg_no_on_134'
INFO: [VRFC 10-3107] analyzing entity 'Reg_no_on_135'
INFO: [VRFC 10-3107] analyzing entity 'Reg_no_on_136'
INFO: [VRFC 10-3107] analyzing entity 'Reg_no_on_137'
INFO: [VRFC 10-3107] analyzing entity 'Reg_no_on_138'
INFO: [VRFC 10-3107] analyzing entity 'Reg_no_on_139'
INFO: [VRFC 10-3107] analyzing entity 'Reg_no_on_14'
INFO: [VRFC 10-3107] analyzing entity 'Reg_no_on_140'
INFO: [VRFC 10-3107] analyzing entity 'Reg_no_on_141'
INFO: [VRFC 10-3107] analyzing entity 'Reg_no_on_142'
INFO: [VRFC 10-3107] analyzing entity 'Reg_no_on_143'
INFO: [VRFC 10-3107] analyzing entity 'Reg_no_on_144'
INFO: [VRFC 10-3107] analyzing entity 'Reg_no_on_145'
INFO: [VRFC 10-3107] analyzing entity 'Reg_no_on_146'
INFO: [VRFC 10-3107] analyzing entity 'Reg_no_on_147'
INFO: [VRFC 10-3107] analyzing entity 'Reg_no_on_148'
INFO: [VRFC 10-3107] analyzing entity 'Reg_no_on_149'
INFO: [VRFC 10-3107] analyzing entity 'Reg_no_on_15'
INFO: [VRFC 10-3107] analyzing entity 'Reg_no_on_150'
INFO: [VRFC 10-3107] analyzing entity 'Reg_no_on_151'
INFO: [VRFC 10-3107] analyzing entity 'Reg_no_on_152'
INFO: [VRFC 10-3107] analyzing entity 'Reg_no_on_153'
INFO: [VRFC 10-3107] analyzing entity 'Reg_no_on_154'
INFO: [VRFC 10-3107] analyzing entity 'Reg_no_on_155'
INFO: [VRFC 10-3107] analyzing entity 'Reg_no_on_156'
INFO: [VRFC 10-3107] analyzing entity 'Reg_no_on_157'
INFO: [VRFC 10-3107] analyzing entity 'Reg_no_on_158'
INFO: [VRFC 10-3107] analyzing entity 'Reg_no_on_16'
INFO: [VRFC 10-3107] analyzing entity 'Reg_no_on_17'
INFO: [VRFC 10-3107] analyzing entity 'Reg_no_on_18'
INFO: [VRFC 10-3107] analyzing entity 'Reg_no_on_19'
INFO: [VRFC 10-3107] analyzing entity 'Reg_no_on_2'
INFO: [VRFC 10-3107] analyzing entity 'Reg_no_on_20'
INFO: [VRFC 10-3107] analyzing entity 'Reg_no_on_21'
INFO: [VRFC 10-3107] analyzing entity 'Reg_no_on_22'
INFO: [VRFC 10-3107] analyzing entity 'Reg_no_on_23'
INFO: [VRFC 10-3107] analyzing entity 'Reg_no_on_24'
INFO: [VRFC 10-3107] analyzing entity 'Reg_no_on_25'
INFO: [VRFC 10-3107] analyzing entity 'Reg_no_on_26'
INFO: [VRFC 10-3107] analyzing entity 'Reg_no_on_27'
INFO: [VRFC 10-3107] analyzing entity 'Reg_no_on_28'
INFO: [VRFC 10-3107] analyzing entity 'Reg_no_on_29'
INFO: [VRFC 10-3107] analyzing entity 'Reg_no_on_3'
INFO: [VRFC 10-3107] analyzing entity 'Reg_no_on_30'
INFO: [VRFC 10-3107] analyzing entity 'Reg_no_on_31'
INFO: [VRFC 10-3107] analyzing entity 'Reg_no_on_32'
INFO: [VRFC 10-3107] analyzing entity 'Reg_no_on_33'
INFO: [VRFC 10-3107] analyzing entity 'Reg_no_on_34'
INFO: [VRFC 10-3107] analyzing entity 'Reg_no_on_35'
INFO: [VRFC 10-3107] analyzing entity 'Reg_no_on_36'
INFO: [VRFC 10-3107] analyzing entity 'Reg_no_on_37'
INFO: [VRFC 10-3107] analyzing entity 'Reg_no_on_38'
INFO: [VRFC 10-3107] analyzing entity 'Reg_no_on_39'
INFO: [VRFC 10-3107] analyzing entity 'Reg_no_on_4'
INFO: [VRFC 10-3107] analyzing entity 'Reg_no_on_40'
INFO: [VRFC 10-3107] analyzing entity 'Reg_no_on_41'
INFO: [VRFC 10-3107] analyzing entity 'Reg_no_on_42'
INFO: [VRFC 10-3107] analyzing entity 'Reg_no_on_43'
INFO: [VRFC 10-3107] analyzing entity 'Reg_no_on_44'
INFO: [VRFC 10-3107] analyzing entity 'Reg_no_on_45'
INFO: [VRFC 10-3107] analyzing entity 'Reg_no_on_46'
INFO: [VRFC 10-3107] analyzing entity 'Reg_no_on_47'
INFO: [VRFC 10-3107] analyzing entity 'Reg_no_on_48'
INFO: [VRFC 10-3107] analyzing entity 'Reg_no_on_49'
INFO: [VRFC 10-3107] analyzing entity 'Reg_no_on_5'
INFO: [VRFC 10-3107] analyzing entity 'Reg_no_on_50'
INFO: [VRFC 10-3107] analyzing entity 'Reg_no_on_51'
INFO: [VRFC 10-3107] analyzing entity 'Reg_no_on_52'
INFO: [VRFC 10-3107] analyzing entity 'Reg_no_on_53'
INFO: [VRFC 10-3107] analyzing entity 'Reg_no_on_54'
INFO: [VRFC 10-3107] analyzing entity 'Reg_no_on_55'
INFO: [VRFC 10-3107] analyzing entity 'Reg_no_on_56'
INFO: [VRFC 10-3107] analyzing entity 'Reg_no_on_57'
INFO: [VRFC 10-3107] analyzing entity 'Reg_no_on_58'
INFO: [VRFC 10-3107] analyzing entity 'Reg_no_on_59'
INFO: [VRFC 10-3107] analyzing entity 'Reg_no_on_6'
INFO: [VRFC 10-3107] analyzing entity 'Reg_no_on_60'
INFO: [VRFC 10-3107] analyzing entity 'Reg_no_on_61'
INFO: [VRFC 10-3107] analyzing entity 'Reg_no_on_62'
INFO: [VRFC 10-3107] analyzing entity 'Reg_no_on_63'
INFO: [VRFC 10-3107] analyzing entity 'Reg_no_on_64'
INFO: [VRFC 10-3107] analyzing entity 'Reg_no_on_65'
INFO: [VRFC 10-3107] analyzing entity 'Reg_no_on_66'
INFO: [VRFC 10-3107] analyzing entity 'Reg_no_on_67'
INFO: [VRFC 10-3107] analyzing entity 'Reg_no_on_68'
INFO: [VRFC 10-3107] analyzing entity 'Reg_no_on_69'
INFO: [VRFC 10-3107] analyzing entity 'Reg_no_on_7'
INFO: [VRFC 10-3107] analyzing entity 'Reg_no_on_70'
INFO: [VRFC 10-3107] analyzing entity 'Reg_no_on_71'
INFO: [VRFC 10-3107] analyzing entity 'Reg_no_on_72'
INFO: [VRFC 10-3107] analyzing entity 'Reg_no_on_73'
INFO: [VRFC 10-3107] analyzing entity 'Reg_no_on_74'
INFO: [VRFC 10-3107] analyzing entity 'Reg_no_on_75'
INFO: [VRFC 10-3107] analyzing entity 'Reg_no_on_76'
INFO: [VRFC 10-3107] analyzing entity 'Reg_no_on_77'
INFO: [VRFC 10-3107] analyzing entity 'Reg_no_on_78'
INFO: [VRFC 10-3107] analyzing entity 'Reg_no_on_79'
INFO: [VRFC 10-3107] analyzing entity 'Reg_no_on_8'
INFO: [VRFC 10-3107] analyzing entity 'Reg_no_on_80'
INFO: [VRFC 10-3107] analyzing entity 'Reg_no_on_81'
INFO: [VRFC 10-3107] analyzing entity 'Reg_no_on_82'
INFO: [VRFC 10-3107] analyzing entity 'Reg_no_on_83'
INFO: [VRFC 10-3107] analyzing entity 'Reg_no_on_84'
INFO: [VRFC 10-3107] analyzing entity 'Reg_no_on_85'
INFO: [VRFC 10-3107] analyzing entity 'Reg_no_on_86'
INFO: [VRFC 10-3107] analyzing entity 'Reg_no_on_87'
INFO: [VRFC 10-3107] analyzing entity 'Reg_no_on_88'
INFO: [VRFC 10-3107] analyzing entity 'Reg_no_on_89'
INFO: [VRFC 10-3107] analyzing entity 'Reg_no_on_9'
INFO: [VRFC 10-3107] analyzing entity 'Reg_no_on_90'
INFO: [VRFC 10-3107] analyzing entity 'Reg_no_on_91'
INFO: [VRFC 10-3107] analyzing entity 'Reg_no_on_92'
INFO: [VRFC 10-3107] analyzing entity 'Reg_no_on_93'
INFO: [VRFC 10-3107] analyzing entity 'Reg_no_on_94'
INFO: [VRFC 10-3107] analyzing entity 'Reg_no_on_95'
INFO: [VRFC 10-3107] analyzing entity 'Reg_no_on_96'
INFO: [VRFC 10-3107] analyzing entity 'Reg_no_on_97'
INFO: [VRFC 10-3107] analyzing entity 'Reg_no_on_98'
INFO: [VRFC 10-3107] analyzing entity 'Reg_no_on_99'
INFO: [VRFC 10-3107] analyzing entity 'Merge_Sort'
INFO: [VRFC 10-3107] analyzing entity 'AXI_FIFO'
INFO: [VRFC 10-163] Analyzing VHDL file "C:/Users/marco/OneDrive/Desktop/Progetto_Finale_Copia2/AXI_and_merge/Only_AXI.srcs/sim_1/new/top_sim.vhd" into library xil_defaultlib
INFO: [VRFC 10-3107] analyzing entity 'top_sim'
